Using pre-set license
Built from '2020.3/staging' branch; Version is '2020.3.18f1 (a7d1c678663c) revision 10998214'; Using compiler version '192528614'; Build Type 'Release'
OS: 'Windows 10 Pro; OS build 19043.1288; Version 2009; 64bit' Language: 'en' Physical Memory: 16309 MB
BatchMode: 1, IsHumanControllingUs: 0, StartBugReporterOnCrash: 0, Is64bit: 1, IsPro: 0

COMMAND LINE ARGUMENTS:
C:\Program Files\Unity\Editor\Unity.exe
-adb2
-batchMode
-noUpm
-name
AssetImportWorker0
-projectPath
D:/Stuff/UofT/CSC404/Balance-GameJam/Balance is Key GameJam 2
-logFile
Logs/AssetImportWorker0.log
-srvPort
62133
Successfully changed project path to: D:/Stuff/UofT/CSC404/Balance-GameJam/Balance is Key GameJam 2
D:/Stuff/UofT/CSC404/Balance-GameJam/Balance is Key GameJam 2
Using Asset Import Pipeline V2.
Refreshing native plugins compatible for Editor in 26.32 ms, found 2 plugins.
Preloading 0 native plugins for Editor in 0.00 ms.
Initialize engine version: 2020.3.18f1 (a7d1c678663c)
[Subsystems] Discovering subsystems at path C:/Program Files/Unity/Editor/Data/Resources/UnitySubsystems
[Subsystems] Discovering subsystems at path D:/Stuff/UofT/CSC404/Balance-GameJam/Balance is Key GameJam 2/Assets
GfxDevice: creating device client; threaded=0
Direct3D:
    Version:  Direct3D 11.0 [level 11.1]
    Renderer: NVIDIA GeForce RTX 2080 SUPER (ID=0x1e81)
    Vendor:   
    VRAM:     8010 MB
    Driver:   30.0.14.7212
Initialize mono
Mono path[0] = 'C:/Program Files/Unity/Editor/Data/Managed'
Mono path[1] = 'C:/Program Files/Unity/Editor/Data/MonoBleedingEdge/lib/mono/unityjit'
Mono config path = 'C:/Program Files/Unity/Editor/Data/MonoBleedingEdge/etc'
Using monoOptions --debugger-agent=transport=dt_socket,embedding=1,server=y,suspend=n,address=127.0.0.1:56292
Begin MonoManager ReloadAssembly
Registering precompiled unity dll's ...
Register platform support module: C:/Program Files/Unity/Editor/Data/PlaybackEngines/WindowsStandaloneSupport/UnityEditor.WindowsStandalone.Extensions.dll
Registered in 0.001588 seconds.
Native extension for WindowsStandalone target not found
Refreshing native plugins compatible for Editor in 26.47 ms, found 2 plugins.
Preloading 0 native plugins for Editor in 0.00 ms.
Mono: successfully reloaded assembly
- Completed reload, in  0.769 seconds
Domain Reload Profiling:
	ReloadAssembly (770ms)
		BeginReloadAssembly (50ms)
			ExecutionOrderSort (0ms)
			DisableScriptedObjects (0ms)
			BackupInstance (0ms)
			ReleaseScriptingObjects (0ms)
			CreateAndSetChildDomain (1ms)
		EndReloadAssembly (331ms)
			LoadAssemblies (48ms)
			RebuildTransferFunctionScriptingTraits (0ms)
			SetupTypeCache (121ms)
			ReleaseScriptCaches (0ms)
			RebuildScriptCaches (25ms)
			SetupLoadedEditorAssemblies (131ms)
				LogAssemblyErrors (0ms)
				InitializePlatformSupportModulesInManaged (3ms)
				SetLoadedEditorAssemblies (0ms)
				RefreshPlugins (27ms)
				BeforeProcessingInitializeOnLoad (11ms)
				ProcessInitializeOnLoadAttributes (66ms)
				ProcessInitializeOnLoadMethodAttributes (24ms)
				AfterProcessingInitializeOnLoad (0ms)
				EditorAssembliesLoaded (0ms)
			ExecutionOrderSort2 (0ms)
			AwakeInstancesAfterBackupRestoration (0ms)
Platform modules already initialized, skipping
Registering precompiled user dll's ...
Registered in 0.001581 seconds.
Begin MonoManager ReloadAssembly
Native extension for WindowsStandalone target not found
Refreshing native plugins compatible for Editor in 0.29 ms, found 2 plugins.
Preloading 0 native plugins for Editor in 0.00 ms.
Mono: successfully reloaded assembly
- Completed reload, in  0.797 seconds
Domain Reload Profiling:
	ReloadAssembly (798ms)
		BeginReloadAssembly (117ms)
			ExecutionOrderSort (0ms)
			DisableScriptedObjects (4ms)
			BackupInstance (0ms)
			ReleaseScriptingObjects (0ms)
			CreateAndSetChildDomain (16ms)
		EndReloadAssembly (626ms)
			LoadAssemblies (65ms)
			RebuildTransferFunctionScriptingTraits (0ms)
			SetupTypeCache (214ms)
			ReleaseScriptCaches (0ms)
			RebuildScriptCaches (33ms)
			SetupLoadedEditorAssemblies (235ms)
				LogAssemblyErrors (0ms)
				InitializePlatformSupportModulesInManaged (4ms)
				SetLoadedEditorAssemblies (0ms)
				RefreshPlugins (0ms)
				BeforeProcessingInitializeOnLoad (68ms)
				ProcessInitializeOnLoadAttributes (153ms)
				ProcessInitializeOnLoadMethodAttributes (5ms)
				AfterProcessingInitializeOnLoad (5ms)
				EditorAssembliesLoaded (0ms)
			ExecutionOrderSort2 (0ms)
			AwakeInstancesAfterBackupRestoration (6ms)
Platform modules already initialized, skipping
========================================================================
Worker process is ready to serve import requests
Launched and connected shader compiler UnityShaderCompiler.exe after 0.05 seconds
Refreshing native plugins compatible for Editor in 0.28 ms, found 2 plugins.
Preloading 0 native plugins for Editor in 0.00 ms.
Unloading 1402 Unused Serialized files (Serialized files now loaded: 0)
System memory in use before: 66.3 MB.
System memory in use after: 66.3 MB.

Unloading 16 unused Assets to reduce memory usage. Loaded Objects now: 1841.
Total: 2.419000 ms (FindLiveObjects: 0.131200 ms CreateObjectMapping: 0.032200 ms MarkObjects: 2.185300 ms  DeleteObjects: 0.069200 ms)

AssetImportParameters requested are different than current active one (requested -> active):
  custom:framework-win-MediaFoundation: 216162199b28c13a410421893ffa2e32 -> 
  custom:video-decoder-ogg-theora: a1e56fd34408186e4bbccfd4996cb3dc -> 
  custom:container-muxer-webm: aa71ff27fc2769a1b78a27578f13a17b -> 
  custom:container-demuxer-webm: 4f35f7cbe854078d1ac9338744f61a02 -> 
  custom:container-demuxer-ogg: 62fdf1f143b41e24485cea50d1cbac27 -> 
  custom:video-encoder-webm-vp8: eb34c28f22e8b96e1ab97ce403110664 -> 
  custom:video-decoder-webm-vp8: 9c59270c3fd7afecdb556c50c9e8de78 -> 
  custom:audio-decoder-ogg-vorbis: bf7c407c2cedff20999df2af8eb42d56 -> 
  custom:audio-encoder-webm-vorbis: bf7c407c2cedff20999df2af8eb42d56 -> 
========================================================================
Received Import Request.
  path: Assets/black.mat
  artifactKey: Guid(f05256436b7ccda45a63b9f3d0f0ec0b) Importer(815301076,1909f56bfc062723c751e8b465ee728b)
Start importing Assets/black.mat using Guid(f05256436b7ccda45a63b9f3d0f0ec0b) Importer(815301076,1909f56bfc062723c751e8b465ee728b)  -> (artifact id: '359f59f50c2b87dc6ab89a08f2d93c3b') in 0.089745 seconds 
  Import took 0.091703 seconds .

========================================================================
Received Import Request.
  Time since last request: 0.000233 seconds.
  path: Assets/level_material.mat
  artifactKey: Guid(391d15286b69be446873cf3dc3c074a9) Importer(815301076,1909f56bfc062723c751e8b465ee728b)
Start importing Assets/level_material.mat using Guid(391d15286b69be446873cf3dc3c074a9) Importer(815301076,1909f56bfc062723c751e8b465ee728b)  -> (artifact id: '23955a339f467d0dde66801a3624988c') in 0.012156 seconds 
  Import took 0.014053 seconds .

========================================================================
Received Import Request.
  Time since last request: 0.000249 seconds.
  path: Assets/temple_01 (3).obj
  artifactKey: Guid(0e3baf2b366069f42a44af019e28cad1) Importer(815301076,1909f56bfc062723c751e8b465ee728b)
Start importing Assets/temple_01 (3).obj using Guid(0e3baf2b366069f42a44af019e28cad1) Importer(815301076,1909f56bfc062723c751e8b465ee728b)  -> (artifact id: 'd9901c745bd42e2e18cb15bfa56243b0') in 1.821035 seconds 
  Import took 1.826549 seconds .

========================================================================
Received Import Request.
  Time since last request: 0.000281 seconds.
  path: Assets/water.mat
  artifactKey: Guid(25726c2b2aed5744e8c194bbadaf3882) Importer(815301076,1909f56bfc062723c751e8b465ee728b)
Start importing Assets/water.mat using Guid(25726c2b2aed5744e8c194bbadaf3882) Importer(815301076,1909f56bfc062723c751e8b465ee728b)  -> (artifact id: '01f4ff240ddb4d241bc7f268c7c13c67') in 0.010006 seconds 
  Import took 0.011885 seconds .

========================================================================
Received Import Request.
  Time since last request: 6.984329 seconds.
  path: Assets/Prefabs/Ball.prefab
  artifactKey: Guid(101d84433534db6418eb28f72625b676) Importer(815301076,1909f56bfc062723c751e8b465ee728b)
Start importing Assets/Prefabs/Ball.prefab using Guid(101d84433534db6418eb28f72625b676) Importer(815301076,1909f56bfc062723c751e8b465ee728b)  -> (artifact id: '99486b7cc6aa5dcbd741cd16861712f8') in 0.013713 seconds 
  Import took 0.015940 seconds .

========================================================================
Received Import Request.
  Time since last request: 0.000279 seconds.
  path: Assets/Prefabs/Table.prefab
  artifactKey: Guid(11d512a2e798e5b4faf857ec2d80460f) Importer(815301076,1909f56bfc062723c751e8b465ee728b)
Start importing Assets/Prefabs/Table.prefab using Guid(11d512a2e798e5b4faf857ec2d80460f) Importer(815301076,1909f56bfc062723c751e8b465ee728b)  -> (artifact id: 'b456918e7275edcef76ab7e22f6f273d') in 0.008230 seconds 
  Import took 0.010371 seconds .

========================================================================
Received Import Request.
  Time since last request: 0.000221 seconds.
  path: Assets/Prefabs/Player.prefab
  artifactKey: Guid(1690d13e3dfa012428a994a282fe35fb) Importer(815301076,1909f56bfc062723c751e8b465ee728b)
Start importing Assets/Prefabs/Player.prefab using Guid(1690d13e3dfa012428a994a282fe35fb) Importer(815301076,1909f56bfc062723c751e8b465ee728b)  -> (artifact id: 'ea86398e2508cf07b2f0f465691827d7') in 0.006483 seconds 
  Import took 0.008533 seconds .

========================================================================
Received Import Request.
  Time since last request: 0.000240 seconds.
  path: Assets/Prefabs/Player Setup.prefab
  artifactKey: Guid(69e15fb54fda25844906d4d038777ed9) Importer(815301076,1909f56bfc062723c751e8b465ee728b)
Start importing Assets/Prefabs/Player Setup.prefab using Guid(69e15fb54fda25844906d4d038777ed9) Importer(815301076,1909f56bfc062723c751e8b465ee728b)  -> (artifact id: 'caf50628621b7eb08af638757ed26b26') in 0.010387 seconds 
  Import took 0.012425 seconds .

========================================================================
Received Import Request.
  Time since last request: 0.000206 seconds.
  path: Assets/Prefabs/Ball.prefab
  artifactKey: Guid(101d84433534db6418eb28f72625b676) Importer(815301076,1909f56bfc062723c751e8b465ee728b)
Start importing Assets/Prefabs/Ball.prefab using Guid(101d84433534db6418eb28f72625b676) Importer(815301076,1909f56bfc062723c751e8b465ee728b)  -> (artifact id: '99486b7cc6aa5dcbd741cd16861712f8') in 0.005047 seconds 
  Import took 0.006819 seconds .

========================================================================
Received Import Request.
  Time since last request: 0.000228 seconds.
  path: Assets/Prefabs/hand.prefab
  artifactKey: Guid(cbe31ff5519be2c4dbe1da47bb912e1e) Importer(815301076,1909f56bfc062723c751e8b465ee728b)
Start importing Assets/Prefabs/hand.prefab using Guid(cbe31ff5519be2c4dbe1da47bb912e1e) Importer(815301076,1909f56bfc062723c751e8b465ee728b)  -> (artifact id: '11fef1b51e75fe44c005f1321d6d0a45') in 0.008921 seconds 
  Import took 0.010793 seconds .

========================================================================
Received Import Request.
  Time since last request: 2.048904 seconds.
  path: Assets/Scenes/SampleScene.unity
  artifactKey: Guid(9fc0d4010bbf28b4594072e72b8655ab) Importer(815301076,1909f56bfc062723c751e8b465ee728b)
Start importing Assets/Scenes/SampleScene.unity using Guid(9fc0d4010bbf28b4594072e72b8655ab) Importer(815301076,1909f56bfc062723c751e8b465ee728b)  -> (artifact id: '85059f4f9e1a832ed95adaa0d25c5c4c') in 0.005103 seconds 
  Import took 0.007267 seconds .

========================================================================
Received Import Request.
  Time since last request: 0.007660 seconds.
  path: Assets/Scenes/SampleScene.unity
  artifactKey: Guid(9fc0d4010bbf28b4594072e72b8655ab) Importer(815301076,1909f56bfc062723c751e8b465ee728b)
Start importing Assets/Scenes/SampleScene.unity using Guid(9fc0d4010bbf28b4594072e72b8655ab) Importer(815301076,1909f56bfc062723c751e8b465ee728b)  -> (artifact id: '85059f4f9e1a832ed95adaa0d25c5c4c') in 0.001539 seconds 
  Import took 0.003577 seconds .

========================================================================
Received Import Request.
  Time since last request: 1.950970 seconds.
  path: Assets/Scenes/CharacterControllerTest.unity
  artifactKey: Guid(fc980be1b13ef224baa669f69b885bf5) Importer(815301076,1909f56bfc062723c751e8b465ee728b)
Start importing Assets/Scenes/CharacterControllerTest.unity using Guid(fc980be1b13ef224baa669f69b885bf5) Importer(815301076,1909f56bfc062723c751e8b465ee728b)  -> (artifact id: '55d3fea7ac5c9198a197e22674f92e9c') in 0.004757 seconds 
  Import took 0.006821 seconds .

========================================================================
Received Import Request.
  Time since last request: 2.139162 seconds.
  path: Assets/Scenes/level_test.unity
  artifactKey: Guid(e7c4a24f8ab6ad74ebeba3fc13cb6fcf) Importer(815301076,1909f56bfc062723c751e8b465ee728b)
Start importing Assets/Scenes/level_test.unity using Guid(e7c4a24f8ab6ad74ebeba3fc13cb6fcf) Importer(815301076,1909f56bfc062723c751e8b465ee728b)  -> (artifact id: '358126449d5594be6df01261a528b970') in 0.004603 seconds 
  Import took 0.006723 seconds .

========================================================================
Received Prepare
Refreshing native plugins compatible for Editor in 1.83 ms, found 2 plugins.
Preloading 0 native plugins for Editor in 0.00 ms.
Unloading 9 Unused Serialized files (Serialized files now loaded: 0)
System memory in use before: 43.2 MB.
System memory in use after: 43.3 MB.

Unloading 10 unused Assets to reduce memory usage. Loaded Objects now: 1886.
Total: 3.326800 ms (FindLiveObjects: 0.250200 ms CreateObjectMapping: 0.037700 ms MarkObjects: 3.015900 ms  DeleteObjects: 0.022100 ms)

AssetImportParameters requested are different than current active one (requested -> active):
  custom:framework-win-MediaFoundation: 216162199b28c13a410421893ffa2e32 -> 
  custom:video-decoder-ogg-theora: a1e56fd34408186e4bbccfd4996cb3dc -> 
  custom:container-muxer-webm: aa71ff27fc2769a1b78a27578f13a17b -> 
  custom:container-demuxer-webm: 4f35f7cbe854078d1ac9338744f61a02 -> 
  custom:container-demuxer-ogg: 62fdf1f143b41e24485cea50d1cbac27 -> 
  custom:video-encoder-webm-vp8: eb34c28f22e8b96e1ab97ce403110664 -> 
  custom:video-decoder-webm-vp8: 9c59270c3fd7afecdb556c50c9e8de78 -> 
  custom:audio-decoder-ogg-vorbis: bf7c407c2cedff20999df2af8eb42d56 -> 
  custom:audio-encoder-webm-vorbis: bf7c407c2cedff20999df2af8eb42d56 -> 
AssetImportWorkerClient::OnTransportError - code=2 error=End of file
