Using pre-set license
Built from '2020.3/staging' branch; Version is '2020.3.18f1 (a7d1c678663c) revision 10998214'; Using compiler version '192528614'; Build Type 'Release'
OS: 'Windows 10 Home; OS build 19042.1237; Version 2009; 64bit' Language: 'en' Physical Memory: 8013 MB
BatchMode: 1, IsHumanControllingUs: 0, StartBugReporterOnCrash: 0, Is64bit: 1, IsPro: 0

COMMAND LINE ARGUMENTS:
C:\Program Files\Unity\Hub\Editor\2020.3.18f1\Editor\Unity.exe
-adb2
-batchMode
-noUpm
-name
AssetImportWorker0
-projectPath
C:/Users/OwenW/CSC404/Balance-GameJam/Balance is Key GameJam 2
-logFile
Logs/AssetImportWorker0.log
-srvPort
50541
Successfully changed project path to: C:/Users/OwenW/CSC404/Balance-GameJam/Balance is Key GameJam 2
C:/Users/OwenW/CSC404/Balance-GameJam/Balance is Key GameJam 2
Using Asset Import Pipeline V2.
Refreshing native plugins compatible for Editor in 131.69 ms, found 2 plugins.
Preloading 0 native plugins for Editor in 0.00 ms.
Initialize engine version: 2020.3.18f1 (a7d1c678663c)
[Subsystems] Discovering subsystems at path C:/Program Files/Unity/Hub/Editor/2020.3.18f1/Editor/Data/Resources/UnitySubsystems
[Subsystems] Discovering subsystems at path C:/Users/OwenW/CSC404/Balance-GameJam/Balance is Key GameJam 2/Assets
GfxDevice: creating device client; threaded=0
Direct3D:
    Version:  Direct3D 11.0 [level 11.1]
    Renderer: Intel(R) UHD Graphics 620 (ID=0x3ea0)
    Vendor:   
    VRAM:     4006 MB
    Driver:   26.20.100.7926
Initialize mono
Mono path[0] = 'C:/Program Files/Unity/Hub/Editor/2020.3.18f1/Editor/Data/Managed'
Mono path[1] = 'C:/Program Files/Unity/Hub/Editor/2020.3.18f1/Editor/Data/MonoBleedingEdge/lib/mono/unityjit'
Mono config path = 'C:/Program Files/Unity/Hub/Editor/2020.3.18f1/Editor/Data/MonoBleedingEdge/etc'
Using monoOptions --debugger-agent=transport=dt_socket,embedding=1,server=y,suspend=n,address=127.0.0.1:56852
Begin MonoManager ReloadAssembly
Registering precompiled unity dll's ...
Register platform support module: C:/Program Files/Unity/Hub/Editor/2020.3.18f1/Editor/Data/PlaybackEngines/WindowsStandaloneSupport/UnityEditor.WindowsStandalone.Extensions.dll
Registered in 0.005844 seconds.
Native extension for WindowsStandalone target not found
Refreshing native plugins compatible for Editor in 35.70 ms, found 2 plugins.
Preloading 0 native plugins for Editor in 0.00 ms.
Mono: successfully reloaded assembly
- Completed reload, in  4.327 seconds
Domain Reload Profiling:
	ReloadAssembly (4328ms)
		BeginReloadAssembly (108ms)
			ExecutionOrderSort (0ms)
			DisableScriptedObjects (0ms)
			BackupInstance (0ms)
			ReleaseScriptingObjects (0ms)
			CreateAndSetChildDomain (3ms)
		EndReloadAssembly (562ms)
			LoadAssemblies (100ms)
			RebuildTransferFunctionScriptingTraits (2ms)
			SetupTypeCache (192ms)
			ReleaseScriptCaches (0ms)
			RebuildScriptCaches (40ms)
			SetupLoadedEditorAssemblies (217ms)
				LogAssemblyErrors (0ms)
				InitializePlatformSupportModulesInManaged (6ms)
				SetLoadedEditorAssemblies (0ms)
				RefreshPlugins (36ms)
				BeforeProcessingInitializeOnLoad (11ms)
				ProcessInitializeOnLoadAttributes (118ms)
				ProcessInitializeOnLoadMethodAttributes (45ms)
				AfterProcessingInitializeOnLoad (0ms)
				EditorAssembliesLoaded (0ms)
			ExecutionOrderSort2 (0ms)
			AwakeInstancesAfterBackupRestoration (0ms)
Platform modules already initialized, skipping
Registering precompiled user dll's ...
Registered in 0.010543 seconds.
Begin MonoManager ReloadAssembly
Native extension for WindowsStandalone target not found
Refreshing native plugins compatible for Editor in 0.43 ms, found 2 plugins.
Preloading 0 native plugins for Editor in 0.00 ms.
Mono: successfully reloaded assembly
- Completed reload, in  1.491 seconds
Domain Reload Profiling:
	ReloadAssembly (1493ms)
		BeginReloadAssembly (196ms)
			ExecutionOrderSort (0ms)
			DisableScriptedObjects (5ms)
			BackupInstance (0ms)
			ReleaseScriptingObjects (0ms)
			CreateAndSetChildDomain (22ms)
		EndReloadAssembly (1204ms)
			LoadAssemblies (133ms)
			RebuildTransferFunctionScriptingTraits (0ms)
			SetupTypeCache (410ms)
			ReleaseScriptCaches (1ms)
			RebuildScriptCaches (68ms)
			SetupLoadedEditorAssemblies (449ms)
				LogAssemblyErrors (0ms)
				InitializePlatformSupportModulesInManaged (7ms)
				SetLoadedEditorAssemblies (1ms)
				RefreshPlugins (1ms)
				BeforeProcessingInitializeOnLoad (84ms)
				ProcessInitializeOnLoadAttributes (331ms)
				ProcessInitializeOnLoadMethodAttributes (9ms)
				AfterProcessingInitializeOnLoad (17ms)
				EditorAssembliesLoaded (0ms)
			ExecutionOrderSort2 (0ms)
			AwakeInstancesAfterBackupRestoration (10ms)
Platform modules already initialized, skipping
========================================================================
Worker process is ready to serve import requests
Launched and connected shader compiler UnityShaderCompiler.exe after 0.12 seconds
Refreshing native plugins compatible for Editor in 0.40 ms, found 2 plugins.
Preloading 0 native plugins for Editor in 0.00 ms.
Unloading 1398 Unused Serialized files (Serialized files now loaded: 0)
System memory in use before: 65.8 MB.
System memory in use after: 65.9 MB.

Unloading 16 unused Assets to reduce memory usage. Loaded Objects now: 1835.
Total: 11.516000 ms (FindLiveObjects: 0.242600 ms CreateObjectMapping: 0.093100 ms MarkObjects: 10.413900 ms  DeleteObjects: 0.762000 ms)

AssetImportParameters requested are different than current active one (requested -> active):
  custom:framework-win-MediaFoundation: 216162199b28c13a410421893ffa2e32 -> 
  custom:video-decoder-ogg-theora: a1e56fd34408186e4bbccfd4996cb3dc -> 
  custom:container-muxer-webm: aa71ff27fc2769a1b78a27578f13a17b -> 
  custom:container-demuxer-webm: 4f35f7cbe854078d1ac9338744f61a02 -> 
  custom:container-demuxer-ogg: 62fdf1f143b41e24485cea50d1cbac27 -> 
  custom:video-encoder-webm-vp8: eb34c28f22e8b96e1ab97ce403110664 -> 
  custom:video-codec-MediaFoundation-h265: 746d11721c4dcdbdad8f713fa42b33f4 -> 
  custom:video-decoder-webm-vp8: 9c59270c3fd7afecdb556c50c9e8de78 -> 
  custom:audio-decoder-ogg-vorbis: bf7c407c2cedff20999df2af8eb42d56 -> 
  custom:audio-encoder-webm-vorbis: bf7c407c2cedff20999df2af8eb42d56 -> 
========================================================================
Received Import Request.
  path: Assets/Scripts/New Material.mat
  artifactKey: Guid(225c57c45daac654c928ef2daac095e6) Importer(815301076,1909f56bfc062723c751e8b465ee728b)
Start importing Assets/Scripts/New Material.mat using Guid(225c57c45daac654c928ef2daac095e6) Importer(815301076,1909f56bfc062723c751e8b465ee728b)  -> (artifact id: 'd6957b6d8d5159e78556f43fa36b17a3') in 0.337969 seconds 
  Import took 0.343583 seconds .

========================================================================
Received Import Request.
  Time since last request: 12.017400 seconds.
  path: Assets/Prefabs/Ball.prefab
  artifactKey: Guid(101d84433534db6418eb28f72625b676) Importer(815301076,1909f56bfc062723c751e8b465ee728b)
Start importing Assets/Prefabs/Ball.prefab using Guid(101d84433534db6418eb28f72625b676) Importer(815301076,1909f56bfc062723c751e8b465ee728b)  -> (artifact id: '99486b7cc6aa5dcbd741cd16861712f8') in 0.045126 seconds 
  Import took 0.049403 seconds .

========================================================================
Received Import Request.
  Time since last request: 0.000346 seconds.
  path: Assets/Prefabs/Table.prefab
  artifactKey: Guid(11d512a2e798e5b4faf857ec2d80460f) Importer(815301076,1909f56bfc062723c751e8b465ee728b)
Start importing Assets/Prefabs/Table.prefab using Guid(11d512a2e798e5b4faf857ec2d80460f) Importer(815301076,1909f56bfc062723c751e8b465ee728b)  -> (artifact id: 'b456918e7275edcef76ab7e22f6f273d') in 0.034304 seconds 
  Import took 0.038969 seconds .

========================================================================
Received Import Request.
  Time since last request: 5.829978 seconds.
  path: Assets/Prefabs
  artifactKey: Guid(1c3c5dedb8b231d429ae6746262b4fb1) Importer(815301076,1909f56bfc062723c751e8b465ee728b)
Start importing Assets/Prefabs using Guid(1c3c5dedb8b231d429ae6746262b4fb1) Importer(815301076,1909f56bfc062723c751e8b465ee728b)  -> (artifact id: '886fb79aef7c3558fa6cad73836fcf51') in 0.009703 seconds 
  Import took 0.015380 seconds .

========================================================================
Received Import Request.
  Time since last request: 0.001146 seconds.
  path: Assets/Prefabs
  artifactKey: Guid(1c3c5dedb8b231d429ae6746262b4fb1) Importer(815301076,1909f56bfc062723c751e8b465ee728b)
Start importing Assets/Prefabs using Guid(1c3c5dedb8b231d429ae6746262b4fb1) Importer(815301076,1909f56bfc062723c751e8b465ee728b)  -> (artifact id: '886fb79aef7c3558fa6cad73836fcf51') in 0.009043 seconds 
  Import took 0.015490 seconds .

========================================================================
Received Import Request.
  Time since last request: 20.336372 seconds.
  path: Assets/temple ground.mat
  artifactKey: Guid(31c3948707f812243af4196e0a057300) Importer(815301076,1909f56bfc062723c751e8b465ee728b)
Start importing Assets/temple ground.mat using Guid(31c3948707f812243af4196e0a057300) Importer(815301076,1909f56bfc062723c751e8b465ee728b)  -> (artifact id: '2962dd6c390de37f4be5aba4a4d8cad3') in 0.035635 seconds 
  Import took 0.040904 seconds .

========================================================================
Received Import Request.
  Time since last request: 499.701795 seconds.
  path: Assets/temple ground.mat
  artifactKey: Guid(31c3948707f812243af4196e0a057300) Importer(815301076,1909f56bfc062723c751e8b465ee728b)
Start importing Assets/temple ground.mat using Guid(31c3948707f812243af4196e0a057300) Importer(815301076,1909f56bfc062723c751e8b465ee728b)  -> (artifact id: 'f468b43190b6bbdfba986ea7151831d0') in 0.038808 seconds 
  Import took 0.045355 seconds .

AssetImportWorkerClient::OnTransportError - code=2 error=End of file
